#
# There is insufficient memory for the Java Runtime Environment to continue.
# Native memory allocation (mmap) failed to map 33554432 bytes for G1 virtual space
# Possible reasons:
#   The system is out of physical RAM or swap space
#   The process is running with CompressedOops enabled, and the Java Heap may be blocking the growth of the native heap
# Possible solutions:
#   Reduce memory load on the system
#   Increase physical memory or swap space
#   Check if swap backing store is full
#   Decrease Java heap size (-Xmx/-Xms)
#   Decrease number of Java threads
#   Decrease Java thread stack sizes (-Xss)
#   Set larger code cache with -XX:ReservedCodeCacheSize=
#   JVM is running with Unscaled Compressed Oops mode in which the Java heap is
#     placed in the first 4GB address space. The Java Heap base address is the
#     maximum limit for the native heap growth. Please use -XX:HeapBaseMinAddress
#     to set the Java Heap base and to place the Java Heap above 4GB virtual address.
# This output file may be truncated or incomplete.
#
#  Out of Memory Error (os_windows.cpp:3527), pid=26136, tid=30064
#
# JRE version: OpenJDK Runtime Environment (19.0.1+10) (build 19.0.1+10-21)
# Java VM: OpenJDK 64-Bit Server VM (19.0.1+10-21, mixed mode, emulated-client, tiered, compressed oops, compressed class ptrs, g1 gc, windows-amd64)
# No core dump will be written. Minidumps are not enabled by default on client versions of Windows
#

---------------  S U M M A R Y ------------

Command Line: -XX:TieredStopAtLevel=1 -Dspring.output.ansi.enabled=always -Dcom.sun.management.jmxremote -Dspring.jmx.enabled=true -Dspring.liveBeansView.mbeanDomain -Dspring.application.admin.enabled=true -Dmanagement.endpoints.jmx.exposure.include=* -javaagent:C:\Program Files\JetBrains\IntelliJ IDEA 2023.2\lib\idea_rt.jar=58497:C:\Program Files\JetBrains\IntelliJ IDEA 2023.2\bin -Dfile.encoding=UTF-8 -Dsun.stdout.encoding=UTF-8 -Dsun.stderr.encoding=UTF-8 com.groupeisi.ProjetCRUDspring.ProjetCruDspringApplication

Host: 11th Gen Intel(R) Core(TM) i5-1135G7 @ 2.40GHz, 8 cores, 7G,  Windows 11 , 64 bit Build 22621 (10.0.22621.3085)
Time: Thu Feb  8 01:13:11 2024 Greenwich elapsed time: 7.825322 seconds (0d 0h 0m 7s)

---------------  T H R E A D  ---------------

Current thread (0x00000261e768e810):  VMThread "VM Thread" [stack: 0x000000866e400000,0x000000866e500000] [id=30064]

Stack: [0x000000866e400000,0x000000866e500000]
Native frames: (J=compiled Java code, j=interpreted, Vv=VM code, C=native code)
V  [jvm.dll+0x6ee8fa]
V  [jvm.dll+0x857a1e]
V  [jvm.dll+0x85940e]
V  [jvm.dll+0x859ac3]
V  [jvm.dll+0x28291f]
V  [jvm.dll+0x6eb6e9]
V  [jvm.dll+0x6e028a]
V  [jvm.dll+0x357136]
V  [jvm.dll+0x35eb96]
V  [jvm.dll+0x3b555e]
V  [jvm.dll+0x3b578f]
V  [jvm.dll+0x32c6ea]
V  [jvm.dll+0x32c797]
V  [jvm.dll+0x374b52]
V  [jvm.dll+0x37328f]
V  [jvm.dll+0x32bf10]
V  [jvm.dll+0x32f8de]
V  [jvm.dll+0x384b66]
V  [jvm.dll+0x85ef83]
V  [jvm.dll+0x85fd49]
V  [jvm.dll+0x86027d]
V  [jvm.dll+0x86070b]
V  [jvm.dll+0x8607c7]
V  [jvm.dll+0x8015fa]
V  [jvm.dll+0x6ed5eb]
C  [ucrtbase.dll+0x29363]
C  [KERNEL32.DLL+0x1257d]
C  [ntdll.dll+0x5aa58]

VM_Operation (0x000000866def9680): CollectForMetadataAllocation, mode: safepoint, requested by thread 0x00000261d52d05a0


---------------  P R O C E S S  ---------------

Threads class SMR info:
_java_thread_list=0x0000026184226470, length=16, elements={
0x00000261d52d05a0, 0x000002618407b550, 0x000002618407c8e0, 0x000002618405bd20,
0x000002618405ca00, 0x000002618405ed30, 0x000002618404a090, 0x000002618408aed0,
0x000002618408e030, 0x00000261841092c0, 0x00000261e761c860, 0x00000261843fa9f0,
0x00000261843faf30, 0x0000026184a9bbc0, 0x00000261853b9e50, 0x0000026185413af0
}

Java Threads: ( => current thread )
  0x00000261d52d05a0 JavaThread "main" [_thread_blocked, id=16236, stack(0x000000866de00000,0x000000866df00000)]
  0x000002618407b550 JavaThread "Reference Handler" daemon [_thread_blocked, id=30924, stack(0x000000866e500000,0x000000866e600000)]
  0x000002618407c8e0 JavaThread "Finalizer" daemon [_thread_blocked, id=8704, stack(0x000000866e600000,0x000000866e700000)]
  0x000002618405bd20 JavaThread "Signal Dispatcher" daemon [_thread_blocked, id=31772, stack(0x000000866e700000,0x000000866e800000)]
  0x000002618405ca00 JavaThread "Attach Listener" daemon [_thread_blocked, id=27312, stack(0x000000866e800000,0x000000866e900000)]
  0x000002618405ed30 JavaThread "Service Thread" daemon [_thread_blocked, id=4504, stack(0x000000866e900000,0x000000866ea00000)]
  0x000002618404a090 JavaThread "Monitor Deflation Thread" daemon [_thread_blocked, id=3340, stack(0x000000866ea00000,0x000000866eb00000)]
  0x000002618408aed0 JavaThread "C1 CompilerThread0" daemon [_thread_blocked, id=15024, stack(0x000000866eb00000,0x000000866ec00000)]
  0x000002618408e030 JavaThread "Sweeper thread" daemon [_thread_blocked, id=15932, stack(0x000000866ec00000,0x000000866ed00000)]
  0x00000261841092c0 JavaThread "Common-Cleaner" daemon [_thread_blocked, id=7120, stack(0x000000866ed00000,0x000000866ee00000)]
  0x00000261e761c860 JavaThread "C1 CompilerThread1" daemon [_thread_blocked, id=9556, stack(0x000000866ee00000,0x000000866ef00000)]
  0x00000261843fa9f0 JavaThread "Monitor Ctrl-Break" daemon [_thread_in_native, id=30688, stack(0x000000866f100000,0x000000866f200000)]
  0x00000261843faf30 JavaThread "Notification Thread" daemon [_thread_blocked, id=12232, stack(0x000000866f200000,0x000000866f300000)]
  0x0000026184a9bbc0 JavaThread "RMI TCP Accept-0" daemon [_thread_in_native, id=28120, stack(0x000000866f300000,0x000000866f400000)]
  0x00000261853b9e50 JavaThread "RMI TCP Connection(1)-192.168.1.9" daemon [_thread_in_native, id=30224, stack(0x000000866fc00000,0x000000866fd00000)]
  0x0000026185413af0 JavaThread "RMI Scheduler(0)" daemon [_thread_blocked, id=27780, stack(0x000000866fd00000,0x000000866fe00000)]

Other Threads:
=>0x00000261e768e810 VMThread "VM Thread" [stack: 0x000000866e400000,0x000000866e500000] [id=30064]
  0x0000026184ab0740 WatcherThread "VM Periodic Task Thread" [stack: 0x000000866f400000,0x000000866f500000] [id=14292]
  0x00000261d53301d0 WorkerThread "GC Thread#0" [stack: 0x000000866df00000,0x000000866e000000] [id=30496]
  0x00000261853c47a0 WorkerThread "GC Thread#1" [stack: 0x000000866f500000,0x000000866f600000] [id=32660]
  0x00000261853d7450 WorkerThread "GC Thread#2" [stack: 0x000000866f600000,0x000000866f700000] [id=28888]
  0x00000261853d7720 WorkerThread "GC Thread#3" [stack: 0x000000866f700000,0x000000866f800000] [id=18664]
  0x00000261853d79f0 WorkerThread "GC Thread#4" [stack: 0x000000866f800000,0x000000866f900000] [id=23704]
  0x00000261853d83f0 WorkerThread "GC Thread#5" [stack: 0x000000866f900000,0x000000866fa00000] [id=5752]
  0x00000261853d86c0 WorkerThread "GC Thread#6" [stack: 0x000000866fa00000,0x000000866fb00000] [id=31304]
  0x00000261853d8f30 WorkerThread "GC Thread#7" [stack: 0x000000866fb00000,0x000000866fc00000] [id=2872]
  0x00000261d53405f0 ConcurrentGCThread "G1 Main Marker" [stack: 0x000000866e000000,0x000000866e100000] [id=29612]
  0x00000261d53411c0 WorkerThread "G1 Conc#0" [stack: 0x000000866e100000,0x000000866e200000] [id=4632]
  0x00000261853d8c60 WorkerThread "G1 Conc#1" [stack: 0x000000866ff00000,0x0000008670000000] [id=29688]
  0x00000261e74e4d10 ConcurrentGCThread "G1 Refine#0" [stack: 0x000000866e200000,0x000000866e300000] [id=26876]
  0x00000261e74e7760 ConcurrentGCThread "G1 Service" [stack: 0x000000866e300000,0x000000866e400000] [id=16464]

Threads with active compile tasks:

VM state: at safepoint (normal execution)

VM Mutex/Monitor currently owned by a thread:  ([mutex/lock_event])
[0x00000261d52cd950] Threads_lock - owner thread: 0x00000261e768e810
[0x00000261d52cda70] Heap_lock - owner thread: 0x00000261d52d05a0

Heap address: 0x0000000085a00000, size: 1958 MB, Compressed Oops mode: 32-bit

CDS archive(s) not mapped
Compressed class space mapped at: 0x0000000100000000-0x0000000140000000, reserved size: 1073741824
Narrow klass base: 0x0000000000000000, Narrow klass shift: 3, Narrow klass range: 0x140000000

GC Precious Log:
 CardTable entry size: 512
 Card Set container configuration: InlinePtr #cards 5 size 8 Array Of Cards #cards 12 size 40 Howl #buckets 4 coarsen threshold 1843 Howl Bitmap #cards 512 size 80 coarsen threshold 460 Card regions per heap region 1 cards per card region 2048
 CPUs: 8 total, 8 available
 Memory: 7831M
 Large Page Support: Disabled
 NUMA Support: Disabled
 Compressed Oops: Enabled (32-bit)
 Heap Region Size: 1M
 Heap Min Capacity: 8M
 Heap Initial Capacity: 124M
 Heap Max Capacity: 1958M
 Pre-touch: Disabled
 Parallel Workers: 8
 Concurrent Workers: 2
 Concurrent Refinement Workers: 8
 Periodic GC: Disabled

Heap:
 garbage-first heap   total 40960K, used 16709K [0x0000000085a00000, 0x0000000100000000)
  region size 1024K, 2 young (2048K), 2 survivors (2048K)
 Metaspace       used 35827K, committed 36288K, reserved 1114112K
  class space    used 4353K, committed 4608K, reserved 1048576K

Heap Regions: E=young(eden), S=young(survivor), O=old, HS=humongous(starts), HC=humongous(continues), CS=collection set, F=free, OA=open archive, CA=closed archive, TAMS=top-at-mark-start (previous, next)
|   0|0x0000000085a00000, 0x0000000085b00000, 0x0000000085b00000|100%|HS|  |TAMS 0x0000000085b00000, 0x0000000085b00000| Complete 
|   1|0x0000000085b00000, 0x0000000085c00000, 0x0000000085c00000|100%| O|  |TAMS 0x0000000085b00000, 0x0000000085c00000| Untracked 
|   2|0x0000000085c00000, 0x0000000085d00000, 0x0000000085d00000|100%| O|  |TAMS 0x0000000085d00000, 0x0000000085d00000| Untracked 
|   3|0x0000000085d00000, 0x0000000085e00000, 0x0000000085e00000|100%| O|  |TAMS 0x0000000085e00000, 0x0000000085e00000| Untracked 
|   4|0x0000000085e00000, 0x0000000085f00000, 0x0000000085f00000|100%| O|  |TAMS 0x0000000085efc800, 0x0000000085f00000| Untracked 
|   5|0x0000000085f00000, 0x0000000086000000, 0x0000000086000000|100%| O|  |TAMS 0x0000000085f00000, 0x0000000086000000| Untracked 
|   6|0x0000000086000000, 0x0000000086100000, 0x0000000086100000|100%| O|  |TAMS 0x0000000086000000, 0x0000000086100000| Untracked 
|   7|0x0000000086100000, 0x00000000861f6400, 0x0000000086200000| 96%| O|  |TAMS 0x0000000086100000, 0x00000000861f6400| Untracked 
|   8|0x0000000086200000, 0x0000000086300000, 0x0000000086300000|100%| O|  |TAMS 0x0000000086200000, 0x0000000086300000| Untracked 
|   9|0x0000000086300000, 0x0000000086400000, 0x0000000086400000|100%| O|  |TAMS 0x0000000086300000, 0x0000000086400000| Untracked 
|  10|0x0000000086400000, 0x0000000086500000, 0x0000000086500000|100%| O|  |TAMS 0x0000000086400000, 0x0000000086500000| Untracked 
|  11|0x0000000086500000, 0x0000000086600000, 0x0000000086600000|100%| O|  |TAMS 0x0000000086500000, 0x0000000086600000| Untracked 
|  12|0x0000000086600000, 0x0000000086700000, 0x0000000086700000|100%| O|  |TAMS 0x0000000086600000, 0x0000000086700000| Untracked 
|  13|0x0000000086700000, 0x0000000086800000, 0x0000000086800000|100%| O|  |TAMS 0x0000000086700000, 0x00000000867d5400| Untracked 
|  14|0x0000000086800000, 0x00000000868bde00, 0x0000000086900000| 74%| O|  |TAMS 0x0000000086800000, 0x0000000086800000| Untracked 
|  15|0x0000000086900000, 0x0000000086900000, 0x0000000086a00000|  0%| F|  |TAMS 0x0000000086900000, 0x0000000086900000| Untracked 
|  16|0x0000000086a00000, 0x0000000086a00000, 0x0000000086b00000|  0%| F|  |TAMS 0x0000000086a00000, 0x0000000086a00000| Untracked 
|  17|0x0000000086b00000, 0x0000000086b00000, 0x0000000086c00000|  0%| F|  |TAMS 0x0000000086b00000, 0x0000000086b00000| Untracked 
|  18|0x0000000086c00000, 0x0000000086c00000, 0x0000000086d00000|  0%| F|  |TAMS 0x0000000086c00000, 0x0000000086c00000| Untracked 
|  19|0x0000000086d00000, 0x0000000086d00000, 0x0000000086e00000|  0%| F|  |TAMS 0x0000000086d00000, 0x0000000086d00000| Untracked 
|  20|0x0000000086e00000, 0x0000000086e00000, 0x0000000086f00000|  0%| F|  |TAMS 0x0000000086e00000, 0x0000000086e00000| Untracked 
|  21|0x0000000086f00000, 0x0000000086f00000, 0x0000000087000000|  0%| F|  |TAMS 0x0000000086f00000, 0x0000000086f00000| Untracked 
|  22|0x0000000087000000, 0x0000000087000000, 0x0000000087100000|  0%| F|  |TAMS 0x0000000087000000, 0x0000000087000000| Untracked 
|  23|0x0000000087100000, 0x0000000087100000, 0x0000000087200000|  0%| F|  |TAMS 0x0000000087100000, 0x0000000087100000| Untracked 
|  24|0x0000000087200000, 0x0000000087200000, 0x0000000087300000|  0%| F|  |TAMS 0x0000000087200000, 0x0000000087200000| Untracked 
|  25|0x0000000087300000, 0x0000000087300000, 0x0000000087400000|  0%| F|  |TAMS 0x0000000087300000, 0x0000000087300000| Untracked 
|  26|0x0000000087400000, 0x0000000087400000, 0x0000000087500000|  0%| F|  |TAMS 0x0000000087400000, 0x0000000087400000| Untracked 
|  27|0x0000000087500000, 0x0000000087500000, 0x0000000087600000|  0%| F|  |TAMS 0x0000000087500000, 0x0000000087500000| Untracked 
|  28|0x0000000087600000, 0x0000000087600000, 0x0000000087700000|  0%| F|  |TAMS 0x0000000087600000, 0x0000000087600000| Untracked 
|  29|0x0000000087700000, 0x0000000087700000, 0x0000000087800000|  0%| F|  |TAMS 0x0000000087700000, 0x0000000087700000| Untracked 
|  30|0x0000000087800000, 0x0000000087800000, 0x0000000087900000|  0%| F|  |TAMS 0x0000000087800000, 0x0000000087800000| Untracked 
|  31|0x0000000087900000, 0x0000000087900000, 0x0000000087a00000|  0%| F|  |TAMS 0x0000000087900000, 0x0000000087900000| Untracked 
|  32|0x0000000087a00000, 0x0000000087a00000, 0x0000000087b00000|  0%| F|  |TAMS 0x0000000087a00000, 0x0000000087a00000| Untracked 
|  33|0x0000000087b00000, 0x0000000087b00000, 0x0000000087c00000|  0%| F|  |TAMS 0x0000000087b00000, 0x0000000087b00000| Untracked 
|  34|0x0000000087c00000, 0x0000000087c00000, 0x0000000087d00000|  0%| F|  |TAMS 0x0000000087c00000, 0x0000000087c00000| Untracked 
|  35|0x0000000087d00000, 0x0000000087d00000, 0x0000000087e00000|  0%| F|  |TAMS 0x0000000087d00000, 0x0000000087d00000| Untracked 
| 101|0x000000008bf00000, 0x000000008bf9d4e8, 0x000000008c000000| 61%| S|CS|TAMS 0x000000008bf00000, 0x000000008bf00000| Complete 
| 102|0x000000008c000000, 0x000000008c100000, 0x000000008c100000|100%| S|CS|TAMS 0x000000008c000000, 0x000000008c000000| Complete 
| 122|0x000000008d400000, 0x000000008d400000, 0x000000008d500000|  0%| F|  |TAMS 0x000000008d400000, 0x000000008d400000| Untracked 
| 123|0x000000008d500000, 0x000000008d500000, 0x000000008d600000|  0%| F|  |TAMS 0x000000008d500000, 0x000000008d500000| Untracked 

Card table byte_map: [0x00000261e0700000,0x00000261e0ae0000] _byte_map_base: 0x00000261e02d3000

Marking Bits (Prev, Next): (CMBitMap*) 0x00000261d5330840, (CMBitMap*) 0x00000261d5330800
 Prev Bits: [0x00000261e2d60000, 0x00000261e4bf8000)
 Next Bits: [0x00000261e0ec0000, 0x00000261e2d58000)

Polling page: 0x00000261d31e0000

Metaspace:

Usage:
  Non-class:     30.74 MB used.
      Class:      4.25 MB used.
       Both:     34.99 MB used.

Virtual space:
  Non-class space:       64.00 MB reserved,      30.94 MB ( 48%) committed,  1 nodes.
      Class space:        1.00 GB reserved,       4.50 MB ( <1%) committed,  1 nodes.
             Both:        1.06 GB reserved,      35.44 MB (  3%) committed. 

Chunk freelists:
   Non-Class:  384.00 KB
       Class:  3.41 MB
        Both:  3.78 MB

MaxMetaspaceSize: unlimited
CompressedClassSpaceSize: 1.00 GB
Initial GC threshold: 21.00 MB
Current GC threshold: 35.44 MB
CDS: off
MetaspaceReclaimPolicy: balanced
 - commit_granule_bytes: 65536.
 - commit_granule_words: 8192.
 - virtual_space_node_default_size: 8388608.
 - enlarge_chunks_in_place: 1.
 - new_chunks_are_fully_committed: 0.
 - uncommit_free_chunks: 1.
 - use_allocation_guard: 0.


Internal statistics:

num_allocs_failed_limit: 6.
num_arena_births: 598.
num_arena_deaths: 0.
num_vsnodes_births: 2.
num_vsnodes_deaths: 0.
num_space_committed: 567.
num_space_uncommitted: 0.
num_chunks_returned_to_freelist: 6.
num_chunks_taken_from_freelist: 1419.
num_chunk_merges: 6.
num_chunk_splits: 1012.
num_chunks_enlarged: 783.
num_inconsistent_stats: 0.

CodeCache: size=49152Kb used=7422Kb max_used=7977Kb free=41729Kb
 bounds [0x00000261dd210000, 0x00000261dd9e0000, 0x00000261e0210000]
 total_blobs=4230 nmethods=3708 adapters=445
 compilation: enabled
              stopped_count=0, restarted_count=0
 full_count=0

Compilation events (20 events):
Event: 7.795 Thread 0x000002618408aed0 nmethod 3699 0x00000261dd3eac90 code [0x00000261dd3eae80, 0x00000261dd3eb0e8]
Event: 7.795 Thread 0x00000261e761c860 nmethod 3694 0x00000261dd3e9d90 code [0x00000261dd3ea040, 0x00000261dd3ea7e8]
Event: 7.797 Thread 0x000002618408aed0 3700       1       org.springframework.core.SerializableTypeWrapper::forTypeProvider (178 bytes)
Event: 7.798 Thread 0x000002618408aed0 nmethod 3700 0x00000261dd3e8e10 code [0x00000261dd3e9080, 0x00000261dd3e9968]
Event: 7.800 Thread 0x000002618408aed0 3701       1       java.lang.Class::getTypeParameters (19 bytes)
Event: 7.801 Thread 0x000002618408aed0 nmethod 3701 0x00000261dd3e8890 code [0x00000261dd3e8a60, 0x00000261dd3e8d08]
Event: 7.810 Thread 0x00000261e761c860 3702   !   1       java.lang.reflect.Field::declaredAnnotations (82 bytes)
Event: 7.810 Thread 0x000002618408aed0 3703       1       org.springframework.core.annotation.MergedAnnotations::from (8 bytes)
Event: 7.810 Thread 0x000002618408aed0 nmethod 3703 0x00000261dd3e8510 code [0x00000261dd3e86c0, 0x00000261dd3e87a8]
Event: 7.810 Thread 0x000002618408aed0 3704       1       org.springframework.core.ResolvableType::forType (7 bytes)
Event: 7.810 Thread 0x000002618408aed0 nmethod 3704 0x00000261dd3e8210 code [0x00000261dd3e83c0, 0x00000261dd3e8488]
Event: 7.810 Thread 0x000002618408aed0 3705       1       org.springframework.core.SerializableTypeWrapper$MethodParameterTypeProvider::<init> (59 bytes)
Event: 7.811 Thread 0x00000261e761c860 nmethod 3702 0x00000261dd3e7990 code [0x00000261dd3e7b60, 0x00000261dd3e7e48]
Event: 7.811 Thread 0x00000261e761c860 3706       1       org.springframework.core.ResolvableType::getNested (121 bytes)
Event: 7.811 Thread 0x000002618408aed0 nmethod 3705 0x00000261dd502c90 code [0x00000261dd502e60, 0x00000261dd503238]
Event: 7.811 Thread 0x000002618408aed0 3707       1       org.springframework.core.ResolvableType::forMethodParameter (40 bytes)
Event: 7.811 Thread 0x00000261e761c860 nmethod 3706 0x00000261dd502190 code [0x00000261dd5023a0, 0x00000261dd5028c8]
Event: 7.811 Thread 0x00000261e761c860 3708       1       org.springframework.core.MethodParameter::<init> (30 bytes)
Event: 7.812 Thread 0x000002618408aed0 nmethod 3707 0x00000261dd501990 code [0x00000261dd501ba0, 0x00000261dd501ee8]
Event: 7.812 Thread 0x00000261e761c860 nmethod 3708 0x00000261dd501190 code [0x00000261dd501380, 0x00000261dd501738]

GC Heap History (17 events):
Event: 1.639 GC heap before
{Heap before GC invocations=0 (full 0):
 garbage-first heap   total 126976K, used 23552K [0x0000000085a00000, 0x0000000100000000)
  region size 1024K, 23 young (23552K), 0 survivors (0K)
 Metaspace       used 16133K, committed 16384K, reserved 1114112K
  class space    used 1592K, committed 1728K, reserved 1048576K
}
Event: 1.651 GC heap after
{Heap after GC invocations=1 (full 0):
 garbage-first heap   total 126976K, used 8178K [0x0000000085a00000, 0x0000000100000000)
  region size 1024K, 3 young (3072K), 3 survivors (3072K)
 Metaspace       used 16133K, committed 16384K, reserved 1114112K
  class space    used 1592K, committed 1728K, reserved 1048576K
}
Event: 2.343 GC heap before
{Heap before GC invocations=1 (full 0):
 garbage-first heap   total 126976K, used 28658K [0x0000000085a00000, 0x0000000100000000)
  region size 1024K, 24 young (24576K), 3 survivors (3072K)
 Metaspace       used 21229K, committed 21504K, reserved 1114112K
  class space    used 2342K, committed 2496K, reserved 1048576K
}
Event: 2.349 GC heap after
{Heap after GC invocations=2 (full 0):
 garbage-first heap   total 126976K, used 10046K [0x0000000085a00000, 0x0000000100000000)
  region size 1024K, 2 young (2048K), 2 survivors (2048K)
 Metaspace       used 21229K, committed 21504K, reserved 1114112K
  class space    used 2342K, committed 2496K, reserved 1048576K
}
Event: 2.690 GC heap before
{Heap before GC invocations=3 (full 0):
 garbage-first heap   total 40960K, used 31550K [0x0000000085a00000, 0x0000000100000000)
  region size 1024K, 24 young (24576K), 2 survivors (2048K)
 Metaspace       used 26968K, committed 27264K, reserved 1114112K
  class space    used 3012K, committed 3136K, reserved 1048576K
}
Event: 2.695 GC heap after
{Heap after GC invocations=4 (full 0):
 garbage-first heap   total 40960K, used 11529K [0x0000000085a00000, 0x0000000100000000)
  region size 1024K, 2 young (2048K), 2 survivors (2048K)
 Metaspace       used 26968K, committed 27264K, reserved 1114112K
  class space    used 3012K, committed 3136K, reserved 1048576K
}
Event: 2.710 GC heap before
{Heap before GC invocations=4 (full 0):
 garbage-first heap   total 40960K, used 12553K [0x0000000085a00000, 0x0000000100000000)
  region size 1024K, 3 young (3072K), 2 survivors (2048K)
 Metaspace       used 27176K, committed 27584K, reserved 1114112K
  class space    used 3040K, committed 3264K, reserved 1048576K
}
Event: 2.713 GC heap after
{Heap after GC invocations=5 (full 0):
 garbage-first heap   total 40960K, used 11471K [0x0000000085a00000, 0x0000000100000000)
  region size 1024K, 1 young (1024K), 1 survivors (1024K)
 Metaspace       used 27176K, committed 27584K, reserved 1114112K
  class space    used 3040K, committed 3264K, reserved 1048576K
}
Event: 3.068 GC heap before
{Heap before GC invocations=5 (full 0):
 garbage-first heap   total 40960K, used 25807K [0x0000000085a00000, 0x0000000100000000)
  region size 1024K, 16 young (16384K), 1 survivors (1024K)
 Metaspace       used 29703K, committed 30016K, reserved 1114112K
  class space    used 3362K, committed 3520K, reserved 1048576K
}
Event: 3.071 GC heap after
{Heap after GC invocations=6 (full 0):
 garbage-first heap   total 40960K, used 13210K [0x0000000085a00000, 0x0000000100000000)
  region size 1024K, 2 young (2048K), 2 survivors (2048K)
 Metaspace       used 29703K, committed 30016K, reserved 1114112K
  class space    used 3362K, committed 3520K, reserved 1048576K
}
Event: 3.868 GC heap before
{Heap before GC invocations=6 (full 0):
 garbage-first heap   total 40960K, used 28570K [0x0000000085a00000, 0x0000000100000000)
  region size 1024K, 17 young (17408K), 2 survivors (2048K)
 Metaspace       used 30863K, committed 31232K, reserved 1114112K
  class space    used 3528K, committed 3712K, reserved 1048576K
}
Event: 3.874 GC heap after
{Heap after GC invocations=7 (full 0):
 garbage-first heap   total 40960K, used 14263K [0x0000000085a00000, 0x0000000100000000)
  region size 1024K, 2 young (2048K), 2 survivors (2048K)
 Metaspace       used 30863K, committed 31232K, reserved 1114112K
  class space    used 3528K, committed 3712K, reserved 1048576K
}
Event: 7.330 GC heap before
{Heap before GC invocations=7 (full 0):
 garbage-first heap   total 40960K, used 29623K [0x0000000085a00000, 0x0000000100000000)
  region size 1024K, 17 young (17408K), 2 survivors (2048K)
 Metaspace       used 33557K, committed 33920K, reserved 1114112K
  class space    used 3981K, committed 4160K, reserved 1048576K
}
Event: 7.335 GC heap after
{Heap after GC invocations=8 (full 0):
 garbage-first heap   total 40960K, used 15120K [0x0000000085a00000, 0x0000000100000000)
  region size 1024K, 3 young (3072K), 3 survivors (3072K)
 Metaspace       used 33557K, committed 33920K, reserved 1114112K
  class space    used 3981K, committed 4160K, reserved 1048576K
}
Event: 7.759 GC heap before
{Heap before GC invocations=8 (full 0):
 garbage-first heap   total 40960K, used 28432K [0x0000000085a00000, 0x0000000100000000)
  region size 1024K, 17 young (17408K), 3 survivors (3072K)
 Metaspace       used 35633K, committed 36096K, reserved 1114112K
  class space    used 4321K, committed 4544K, reserved 1048576K
}
Event: 7.767 GC heap after
{Heap after GC invocations=9 (full 0):
 garbage-first heap   total 40960K, used 16549K [0x0000000085a00000, 0x0000000100000000)
  region size 1024K, 3 young (3072K), 3 survivors (3072K)
 Metaspace       used 35633K, committed 36096K, reserved 1114112K
  class space    used 4321K, committed 4544K, reserved 1048576K
}
Event: 7.815 GC heap before
{Heap before GC invocations=9 (full 0):
 garbage-first heap   total 40960K, used 17573K [0x0000000085a00000, 0x0000000100000000)
  region size 1024K, 5 young (5120K), 3 survivors (3072K)
 Metaspace       used 35827K, committed 36288K, reserved 1114112K
  class space    used 4353K, committed 4608K, reserved 1048576K
}

Dll operation events (13 events):
Event: 0.021 Loaded shared library C:\Users\Samsu\.jdks\openjdk-19.0.1\bin\java.dll
Event: 0.107 Loaded shared library C:\Users\Samsu\.jdks\openjdk-19.0.1\bin\jsvml.dll
Event: 0.419 Loaded shared library C:\Users\Samsu\.jdks\openjdk-19.0.1\bin\zip.dll
Event: 0.425 Loaded shared library C:\Users\Samsu\.jdks\openjdk-19.0.1\bin\instrument.dll
Event: 0.452 Loaded shared library C:\Users\Samsu\.jdks\openjdk-19.0.1\bin\net.dll
Event: 0.455 Loaded shared library C:\Users\Samsu\.jdks\openjdk-19.0.1\bin\nio.dll
Event: 0.468 Loaded shared library C:\Users\Samsu\.jdks\openjdk-19.0.1\bin\zip.dll
Event: 0.633 Loaded shared library C:\Program Files\JetBrains\IntelliJ IDEA 2023.2\bin\breakgen64.dll
Event: 0.665 Loaded shared library C:\Users\Samsu\.jdks\openjdk-19.0.1\bin\jimage.dll
Event: 0.673 Loaded shared library C:\Users\Samsu\.jdks\openjdk-19.0.1\bin\extnet.dll
Event: 0.712 Loaded shared library C:\Users\Samsu\.jdks\openjdk-19.0.1\bin\management.dll
Event: 0.741 Loaded shared library C:\Users\Samsu\.jdks\openjdk-19.0.1\bin\management_ext.dll
Event: 2.840 Loaded shared library C:\Users\Samsu\.jdks\openjdk-19.0.1\bin\sunmscapi.dll

Deoptimization events (6 events):
Event: 0.958 Thread 0x00000261d52d05a0 DEOPT PACKING pc=0x00000261dd5dced5 sp=0x000000866defd170
Event: 0.958 Thread 0x00000261d52d05a0 DEOPT UNPACKING pc=0x00000261dd27b0e3 sp=0x000000866defc620 mode 3
Event: 0.973 Thread 0x00000261d52d05a0 DEOPT PACKING pc=0x00000261dd5f55d0 sp=0x000000866defd140
Event: 0.973 Thread 0x00000261d52d05a0 DEOPT UNPACKING pc=0x00000261dd27b0e3 sp=0x000000866defc5f8 mode 3
Event: 2.501 Thread 0x00000261d52d05a0 DEOPT PACKING pc=0x00000261dd7fc1b9 sp=0x000000866defd410
Event: 2.501 Thread 0x00000261d52d05a0 DEOPT UNPACKING pc=0x00000261dd27b0e3 sp=0x000000866defc8f0 mode 3

Classes loaded (20 events):
Event: 7.580 Loading class java/lang/runtime/ObjectMethods$1
Event: 7.580 Loading class java/lang/runtime/ObjectMethods$1 done
Event: 7.583 Loading class java/lang/invoke/DirectMethodHandle$1
Event: 7.584 Loading class java/lang/invoke/DirectMethodHandle$1 done
Event: 7.610 Loading class java/lang/invoke/MethodHandleImpl$CountingWrapper
Event: 7.610 Loading class java/lang/invoke/MethodHandleImpl$CountingWrapper done
Event: 7.627 Loading class java/util/DualPivotQuicksort
Event: 7.627 Loading class java/util/DualPivotQuicksort done
Event: 7.704 Loading class javax/naming/NameNotFoundException
Event: 7.704 Loading class javax/naming/NameNotFoundException done
Event: 7.732 Loading class sun/invoke/util/ValueConversions$1
Event: 7.732 Loading class sun/invoke/util/ValueConversions$1 done
Event: 7.733 Loading class java/lang/invoke/BoundMethodHandle$Species_LI
Event: 7.733 Loading class java/lang/invoke/BoundMethodHandle$Species_LI done
Event: 7.733 Loading class java/lang/invoke/ClassSpecializer$Factory$1Var
Event: 7.733 Loading class java/lang/invoke/ClassSpecializer$Factory$1Var done
Event: 7.778 Loading class java/lang/Class$EnclosingMethodInfo
Event: 7.778 Loading class java/lang/Class$EnclosingMethodInfo done
Event: 7.778 Loading class java/lang/reflect/AnnotatedType
Event: 7.778 Loading class java/lang/reflect/AnnotatedType done

Classes unloaded (0 events):
No events

Classes redefined (0 events):
No events

Internal exceptions (20 events):
Event: 7.582 Thread 0x00000261d52d05a0 Exception <a 'java/lang/NoSuchMethodError'{0x0000000087a9f270}: 'int java.lang.invoke.DirectMethodHandle$Holder.invokeStaticInit(java.lang.Object, double, double)'> (0x0000000087a9f270) 
thrown [s\open\src\hotspot\share\interpreter\linkResolver.cpp, line 774]
Event: 7.582 Thread 0x00000261d52d05a0 Exception <a 'java/lang/NoSuchMethodError'{0x0000000087aa37a0}: 'int java.lang.invoke.DirectMethodHandle$Holder.invokeStatic(java.lang.Object, long)'> (0x0000000087aa37a0) 
thrown [s\open\src\hotspot\share\interpreter\linkResolver.cpp, line 774]
Event: 7.586 Thread 0x00000261d52d05a0 Exception <a 'java/lang/NoSuchMethodError'{0x0000000087ac78b8}: 'int java.lang.invoke.DirectMethodHandle$Holder.invokeSpecial(java.lang.Object, java.lang.Object, int)'> (0x0000000087ac78b8) 
thrown [s\open\src\hotspot\share\interpreter\linkResolver.cpp, line 774]
Event: 7.587 Thread 0x00000261d52d05a0 Exception <a 'java/lang/NoSuchMethodError'{0x0000000087acf1d8}: 'int java.lang.invoke.Invokers$Holder.linkToTargetMethod(java.lang.Object, java.lang.Object)'> (0x0000000087acf1d8) 
thrown [s\open\src\hotspot\share\interpreter\linkResolver.cpp, line 774]
Event: 7.604 Thread 0x00000261d52d05a0 Exception <a 'java/lang/NoSuchMethodError'{0x000000008796c820}: 'java.lang.Object java.lang.invoke.Invokers$Holder.invoke_MT(java.lang.Object, java.lang.Object, java.lang.Object, java.lang.Object, java.lang.Object, java.lang.Object, java.lang.Object, java.lang.Object, java.lang.Object, java.lang.Object)'> (0x000000008796c820) 
thrown [s\open\src\hotspot\share\interpreter\linkResolver.cpp, line 774]
Event: 7.609 Thread 0x00000261d52d05a0 Exception <a 'java/lang/NoSuchMethodError'{0x00000000879ad200}: 'java.lang.Object java.lang.invoke.DirectMethodHandle$Holder.invokeSpecial(java.lang.Object, java.lang.Object, int, java.lang.Object, java.lang.Object)'> (0x00000000879ad200) 
thrown [s\open\src\hotspot\share\interpreter\linkResolver.cpp, line 774]
Event: 7.610 Thread 0x00000261d52d05a0 Exception <a 'java/lang/NoSuchMethodError'{0x00000000879b0ec0}: 'java.lang.Object java.lang.invoke.DelegatingMethodHandle$Holder.delegate(java.lang.Object, int, java.lang.Object, java.lang.Object)'> (0x00000000879b0ec0) 
thrown [s\open\src\hotspot\share\interpreter\linkResolver.cpp, line 774]
Event: 7.612 Thread 0x00000261d52d05a0 Exception <a 'java/lang/NoSuchMethodError'{0x00000000879c0e98}: 'int java.lang.invoke.Invokers$Holder.linkToTargetMethod(java.lang.Object, java.lang.Object, java.lang.Object)'> (0x00000000879c0e98) 
thrown [s\open\src\hotspot\share\interpreter\linkResolver.cpp, line 774]
Event: 7.634 Thread 0x00000261d52d05a0 Exception <a 'java/lang/NoSuchMethodError'{0x0000000087867ba0}: 'void java.lang.invoke.Invokers$Holder.invokeExact_MT(java.lang.Object, java.lang.Object, java.lang.Object)'> (0x0000000087867ba0) 
thrown [s\open\src\hotspot\share\interpreter\linkResolver.cpp, line 774]
Event: 7.651 Thread 0x00000261d52d05a0 Exception <a 'java/lang/NoClassDefFoundError'{0x00000000878dc168}: org/flywaydb/core/Flyway> (0x00000000878dc168) 
thrown [s\open\src\hotspot\share\classfile\systemDictionary.cpp, line 244]
Event: 7.651 Thread 0x00000261d52d05a0 Exception <a 'java/lang/NoClassDefFoundError'{0x00000000878de140}: liquibase/integration/spring/SpringLiquibase> (0x00000000878de140) 
thrown [s\open\src\hotspot\share\classfile\systemDictionary.cpp, line 244]
Event: 7.688 Thread 0x00000261d52d05a0 Exception <a 'java/lang/NoClassDefFoundError'{0x00000000876f3d00}: org/jooq/DSLContext> (0x00000000876f3d00) 
thrown [s\open\src\hotspot\share\classfile\systemDictionary.cpp, line 244]
Event: 7.689 Thread 0x00000261d52d05a0 Exception <a 'java/lang/NoClassDefFoundError'{0x0000000087500b10}: org/springframework/batch/core/repository/JobRepository> (0x0000000087500b10) 
thrown [s\open\src\hotspot\share\classfile\systemDictionary.cpp, line 244]
Event: 7.689 Thread 0x00000261d52d05a0 Exception <a 'java/lang/NoClassDefFoundError'{0x0000000087502840}: org/quartz/Scheduler> (0x0000000087502840) 
thrown [s\open\src\hotspot\share\classfile\systemDictionary.cpp, line 244]
Event: 7.690 Thread 0x00000261d52d05a0 Exception <a 'java/lang/NoClassDefFoundError'{0x0000000087504ad0}: org/springframework/session/jdbc/JdbcIndexedSessionRepository> (0x0000000087504ad0) 
thrown [s\open\src\hotspot\share\classfile\systemDictionary.cpp, line 244]
Event: 7.727 Thread 0x00000261d52d05a0 Exception <a 'java/lang/NoSuchMethodError'{0x000000008740dd38}: 'void java.lang.invoke.DirectMethodHandle$Holder.invokeSpecial(java.lang.Object, java.lang.Object, java.lang.Object, java.lang.Object, java.lang.Object, java.lang.Object)'> (0x000000008740dd38) 
thrown [s\open\src\hotspot\share\interpreter\linkResolver.cpp, line 774]
Event: 7.732 Thread 0x00000261d52d05a0 Exception <a 'java/lang/NoSuchMethodError'{0x000000008744efd0}: 'void java.lang.invoke.DirectMethodHandle$Holder.invokeVirtual(java.lang.Object, java.lang.Object, int)'> (0x000000008744efd0) 
thrown [s\open\src\hotspot\share\interpreter\linkResolver.cpp, line 774]
Event: 7.732 Thread 0x00000261d52d05a0 Exception <a 'java/lang/NoSuchMethodError'{0x0000000087452e38}: 'int java.lang.invoke.DirectMethodHandle$Holder.invokeSpecial(java.lang.Object, java.lang.Object, java.lang.Object, int)'> (0x0000000087452e38) 
thrown [s\open\src\hotspot\share\interpreter\linkResolver.cpp, line 774]
Event: 7.734 Thread 0x00000261d52d05a0 Exception <a 'java/lang/NoSuchMethodError'{0x0000000087464d58}: 'java.lang.Object java.lang.invoke.DirectMethodHandle$Holder.invokeStatic(java.lang.Object, java.lang.Object, java.lang.Object, java.lang.Object, int)'> (0x0000000087464d58) 
thrown [s\open\src\hotspot\share\interpreter\linkResolver.cpp, line 774]
Event: 7.735 Thread 0x00000261d52d05a0 Exception <a 'java/lang/NoSuchMethodError'{0x000000008746c658}: 'void java.lang.invoke.DelegatingMethodHandle$Holder.reinvoke_L(java.lang.Object, java.lang.Object, int)'> (0x000000008746c658) 
thrown [s\open\src\hotspot\share\interpreter\linkResolver.cpp, line 774]

VM Operations (20 events):
Event: 5.722 Executing VM operation: HandshakeAllThreads done
Event: 5.723 Executing VM operation: HandshakeAllThreads
Event: 5.723 Executing VM operation: HandshakeAllThreads done
Event: 5.875 Executing VM operation: HandshakeAllThreads
Event: 5.875 Executing VM operation: HandshakeAllThreads done
Event: 5.879 Executing VM operation: HandshakeAllThreads
Event: 5.879 Executing VM operation: HandshakeAllThreads done
Event: 6.889 Executing VM operation: Cleanup
Event: 6.889 Executing VM operation: Cleanup done
Event: 7.330 Executing VM operation: G1CollectForAllocation
Event: 7.335 Executing VM operation: G1CollectForAllocation done
Event: 7.359 Executing VM operation: HandshakeAllThreads
Event: 7.359 Executing VM operation: HandshakeAllThreads done
Event: 7.590 Executing VM operation: HandshakeAllThreads
Event: 7.590 Executing VM operation: HandshakeAllThreads done
Event: 7.750 Executing VM operation: HandshakeAllThreads
Event: 7.750 Executing VM operation: HandshakeAllThreads done
Event: 7.758 Executing VM operation: G1CollectForAllocation
Event: 7.767 Executing VM operation: G1CollectForAllocation done
Event: 7.815 Executing VM operation: CollectForMetadataAllocation

Events (20 events):
Event: 3.331 Thread 0x0000026185a2a2c0 Thread added: 0x0000026185a2a2c0
Event: 3.336 Thread 0x0000026185a2a2c0 Thread exited: 0x0000026185a2a2c0
Event: 3.839 Thread 0x0000026185a7dee0 Thread added: 0x0000026185a7dee0
Event: 3.847 Thread 0x0000026185a7dee0 Thread exited: 0x0000026185a7dee0
Event: 4.348 Thread 0x0000026185aa3870 Thread added: 0x0000026185aa3870
Event: 4.352 Thread 0x0000026185aa3870 Thread exited: 0x0000026185aa3870
Event: 4.855 Thread 0x0000026185b54480 Thread added: 0x0000026185b54480
Event: 4.931 Thread 0x0000026185b54480 Thread exited: 0x0000026185b54480
Event: 5.433 Thread 0x0000026185b54480 Thread added: 0x0000026185b54480
Event: 5.487 Thread 0x0000026185b54480 Thread exited: 0x0000026185b54480
Event: 5.989 Thread 0x0000026185b54480 Thread added: 0x0000026185b54480
Event: 6.040 Thread 0x0000026185b54480 Thread exited: 0x0000026185b54480
Event: 6.542 Thread 0x0000026185b3dfe0 Thread added: 0x0000026185b3dfe0
Event: 6.609 Thread 0x0000026185b3dfe0 Thread exited: 0x0000026185b3dfe0
Event: 7.110 Thread 0x000002618420b5b0 Thread exited: 0x000002618420b5b0
Event: 7.110 Thread 0x000002618420b030 Thread exited: 0x000002618420b030
Event: 7.111 Thread 0x0000026185b3dfe0 Thread added: 0x0000026185b3dfe0
Event: 7.151 Thread 0x0000026185b3dfe0 Thread exited: 0x0000026185b3dfe0
Event: 7.654 Thread 0x0000026185bde850 Thread added: 0x0000026185bde850
Event: 7.659 Thread 0x0000026185bde850 Thread exited: 0x0000026185bde850


Dynamic libraries:
0x00007ff7323d0000 - 0x00007ff7323de000 	C:\Users\Samsu\.jdks\openjdk-19.0.1\bin\java.exe
0x00007ff8ee5d0000 - 0x00007ff8ee7e7000 	C:\WINDOWS\SYSTEM32\ntdll.dll
0x00007ff8ed280000 - 0x00007ff8ed344000 	C:\WINDOWS\System32\KERNEL32.DLL
0x00007ff8ebc20000 - 0x00007ff8ebfc6000 	C:\WINDOWS\System32\KERNELBASE.dll
0x00007ff8ec200000 - 0x00007ff8ec311000 	C:\WINDOWS\System32\ucrtbase.dll
0x00007ff894dd0000 - 0x00007ff894deb000 	C:\Users\Samsu\.jdks\openjdk-19.0.1\bin\VCRUNTIME140.dll
0x00007ff894db0000 - 0x00007ff894dc7000 	C:\Users\Samsu\.jdks\openjdk-19.0.1\bin\jli.dll
0x00007ff8ecb30000 - 0x00007ff8eccde000 	C:\WINDOWS\System32\USER32.dll
0x00007ff8eb9b0000 - 0x00007ff8eb9d6000 	C:\WINDOWS\System32\win32u.dll
0x00007ff8edcb0000 - 0x00007ff8edcd9000 	C:\WINDOWS\System32\GDI32.dll
0x00007ff8eb9e0000 - 0x00007ff8ebaf8000 	C:\WINDOWS\System32\gdi32full.dll
0x00007ff8eb910000 - 0x00007ff8eb9aa000 	C:\WINDOWS\System32\msvcp_win.dll
0x00007ff8d0210000 - 0x00007ff8d04a3000 	C:\WINDOWS\WinSxS\amd64_microsoft.windows.common-controls_6595b64144ccf1df_6.0.22621.2506_none_270c5ae97388e100\COMCTL32.dll
0x00007ff8ecce0000 - 0x00007ff8ecd87000 	C:\WINDOWS\System32\msvcrt.dll
0x00007ff8ed400000 - 0x00007ff8ed431000 	C:\WINDOWS\System32\IMM32.DLL
0x00007ff8c02e0000 - 0x00007ff8c02ec000 	C:\Users\Samsu\.jdks\openjdk-19.0.1\bin\vcruntime140_1.dll
0x00007ff893a00000 - 0x00007ff893a8e000 	C:\Users\Samsu\.jdks\openjdk-19.0.1\bin\msvcp140.dll
0x00007ff890ad0000 - 0x00007ff891790000 	C:\Users\Samsu\.jdks\openjdk-19.0.1\bin\server\jvm.dll
0x00007ff8ee2e0000 - 0x00007ff8ee393000 	C:\WINDOWS\System32\ADVAPI32.dll
0x00007ff8edce0000 - 0x00007ff8edd88000 	C:\WINDOWS\System32\sechost.dll
0x00007ff8ebbf0000 - 0x00007ff8ebc18000 	C:\WINDOWS\System32\bcrypt.dll
0x00007ff8ecdb0000 - 0x00007ff8ecec7000 	C:\WINDOWS\System32\RPCRT4.dll
0x00007ff8be6a0000 - 0x00007ff8be6a9000 	C:\WINDOWS\SYSTEM32\WSOCK32.dll
0x00007ff8ed1e0000 - 0x00007ff8ed251000 	C:\WINDOWS\System32\WS2_32.dll
0x00007ff8dfd00000 - 0x00007ff8dfd34000 	C:\WINDOWS\SYSTEM32\WINMM.dll
0x00007ff8e9400000 - 0x00007ff8e940a000 	C:\WINDOWS\SYSTEM32\VERSION.dll
0x00007ff8ea920000 - 0x00007ff8ea938000 	C:\WINDOWS\SYSTEM32\kernel.appcore.dll
0x00007ff8bff20000 - 0x00007ff8bff2a000 	C:\Users\Samsu\.jdks\openjdk-19.0.1\bin\jimage.dll
0x00007ff8e8610000 - 0x00007ff8e8843000 	C:\WINDOWS\SYSTEM32\DBGHELP.DLL
0x00007ff8edd90000 - 0x00007ff8ee119000 	C:\WINDOWS\System32\combase.dll
0x00007ff8eced0000 - 0x00007ff8ecfa7000 	C:\WINDOWS\System32\OLEAUT32.dll
0x00007ff8c7570000 - 0x00007ff8c75a2000 	C:\WINDOWS\SYSTEM32\dbgcore.DLL
0x00007ff8ebb70000 - 0x00007ff8ebbea000 	C:\WINDOWS\System32\bcryptPrimitives.dll
0x00007ff8e8400000 - 0x00007ff8e840e000 	C:\Users\Samsu\.jdks\openjdk-19.0.1\bin\instrument.dll
0x00007ff8939d0000 - 0x00007ff8939f6000 	C:\Users\Samsu\.jdks\openjdk-19.0.1\bin\java.dll
0x00007ff891fe0000 - 0x00007ff8920b7000 	C:\Users\Samsu\.jdks\openjdk-19.0.1\bin\jsvml.dll
0x00007ff8ed440000 - 0x00007ff8edc9b000 	C:\WINDOWS\System32\SHELL32.dll
0x00007ff8e9820000 - 0x00007ff8ea116000 	C:\WINDOWS\SYSTEM32\windows.storage.dll
0x00007ff8e96e0000 - 0x00007ff8e981e000 	C:\WINDOWS\SYSTEM32\wintypes.dll
0x00007ff8ec320000 - 0x00007ff8ec413000 	C:\WINDOWS\System32\SHCORE.dll
0x00007ff8ec4f0000 - 0x00007ff8ec54e000 	C:\WINDOWS\System32\shlwapi.dll
0x00007ff8eb840000 - 0x00007ff8eb866000 	C:\WINDOWS\SYSTEM32\profapi.dll
0x00007ff8936d0000 - 0x00007ff8936e8000 	C:\Users\Samsu\.jdks\openjdk-19.0.1\bin\zip.dll
0x00007ff893880000 - 0x00007ff893893000 	C:\Users\Samsu\.jdks\openjdk-19.0.1\bin\net.dll
0x00007ff8e4ea0000 - 0x00007ff8e4fd7000 	C:\WINDOWS\SYSTEM32\WINHTTP.dll
0x00007ff8eadd0000 - 0x00007ff8eae39000 	C:\WINDOWS\system32\mswsock.dll
0x00007ff893860000 - 0x00007ff893876000 	C:\Users\Samsu\.jdks\openjdk-19.0.1\bin\nio.dll
0x00007ff8cff50000 - 0x00007ff8cff6a000 	C:\Program Files\JetBrains\IntelliJ IDEA 2023.2\bin\breakgen64.dll
0x00007ff8e8410000 - 0x00007ff8e8418000 	C:\Users\Samsu\.jdks\openjdk-19.0.1\bin\extnet.dll
0x00007ff8ea3f0000 - 0x00007ff8ea4e9000 	C:\WINDOWS\SYSTEM32\DNSAPI.dll
0x00007ff8ea380000 - 0x00007ff8ea3ad000 	C:\WINDOWS\SYSTEM32\IPHLPAPI.DLL
0x00007ff8ed260000 - 0x00007ff8ed269000 	C:\WINDOWS\System32\NSI.dll
0x000000006b920000 - 0x000000006b946000 	C:\Program Files\Bonjour\mdnsNSP.dll
0x00007ff8dd8b0000 - 0x00007ff8dd8ba000 	C:\Windows\System32\rasadhlp.dll
0x00007ff8da110000 - 0x00007ff8da193000 	C:\WINDOWS\System32\fwpuclnt.dll
0x00007ff8e6300000 - 0x00007ff8e630a000 	C:\Users\Samsu\.jdks\openjdk-19.0.1\bin\management.dll
0x00007ff8cff40000 - 0x00007ff8cff4b000 	C:\Users\Samsu\.jdks\openjdk-19.0.1\bin\management_ext.dll
0x00007ff8ecfb0000 - 0x00007ff8ecfb8000 	C:\WINDOWS\System32\PSAPI.DLL
0x00007ff8eb020000 - 0x00007ff8eb03b000 	C:\WINDOWS\SYSTEM32\CRYPTSP.dll
0x00007ff8ea880000 - 0x00007ff8ea8b5000 	C:\WINDOWS\system32\rsaenh.dll
0x00007ff8eaec0000 - 0x00007ff8eaeec000 	C:\WINDOWS\SYSTEM32\USERENV.dll
0x00007ff8eb040000 - 0x00007ff8eb04c000 	C:\WINDOWS\SYSTEM32\CRYPTBASE.dll
0x00007ff8e4cb0000 - 0x00007ff8e4cc9000 	C:\WINDOWS\SYSTEM32\dhcpcsvc6.DLL
0x00007ff8e4c90000 - 0x00007ff8e4caf000 	C:\WINDOWS\SYSTEM32\dhcpcsvc.DLL
0x00007ff8c7f80000 - 0x00007ff8c7f97000 	C:\WINDOWS\system32\napinsp.dll
0x00007ff8ab950000 - 0x00007ff8ab96b000 	C:\WINDOWS\system32\pnrpnsp.dll
0x00007ff8ab930000 - 0x00007ff8ab941000 	C:\WINDOWS\System32\winrnr.dll
0x00007ff8dd4d0000 - 0x00007ff8dd4e5000 	C:\WINDOWS\system32\wshbth.dll
0x00007ff8ab900000 - 0x00007ff8ab921000 	C:\WINDOWS\system32\nlansp_c.dll
0x00007ff8b0c80000 - 0x00007ff8b0c8e000 	C:\Users\Samsu\.jdks\openjdk-19.0.1\bin\sunmscapi.dll
0x00007ff8ebfd0000 - 0x00007ff8ec136000 	C:\WINDOWS\System32\CRYPT32.dll
0x00007ff8eb2b0000 - 0x00007ff8eb2de000 	C:\WINDOWS\SYSTEM32\ncrypt.dll
0x00007ff8eb270000 - 0x00007ff8eb2a7000 	C:\WINDOWS\SYSTEM32\NTASN1.dll

dbghelp: loaded successfully - version: 4.0.5 - missing functions: none
symbol engine: initialized successfully - sym options: 0x614 - pdb path: .;C:\Users\Samsu\.jdks\openjdk-19.0.1\bin;C:\WINDOWS\SYSTEM32;C:\WINDOWS\WinSxS\amd64_microsoft.windows.common-controls_6595b64144ccf1df_6.0.22621.2506_none_270c5ae97388e100;C:\Users\Samsu\.jdks\openjdk-19.0.1\bin\server;C:\Program Files\JetBrains\IntelliJ IDEA 2023.2\bin;C:\Program Files\Bonjour

VM Arguments:
jvm_args: -XX:TieredStopAtLevel=1 -Dspring.output.ansi.enabled=always -Dcom.sun.management.jmxremote -Dspring.jmx.enabled=true -Dspring.liveBeansView.mbeanDomain -Dspring.application.admin.enabled=true -Dmanagement.endpoints.jmx.exposure.include=* -javaagent:C:\Program Files\JetBrains\IntelliJ IDEA 2023.2\lib\idea_rt.jar=58497:C:\Program Files\JetBrains\IntelliJ IDEA 2023.2\bin -Dfile.encoding=UTF-8 -Dsun.stdout.encoding=UTF-8 -Dsun.stderr.encoding=UTF-8 
java_command: com.groupeisi.ProjetCRUDspring.ProjetCruDspringApplication
java_class_path (initial): C:\Users\Samsu\Downloads\ProjetCRUDspring\ProjetCRUDspring\target\classes;C:\Users\Samsu\.m2\repository\org\springframework\boot\spring-boot-starter-data-jpa\3.2.2\spring-boot-starter-data-jpa-3.2.2.jar;C:\Users\Samsu\.m2\repository\org\springframework\boot\spring-boot-starter-aop\3.2.2\spring-boot-starter-aop-3.2.2.jar;C:\Users\Samsu\.m2\repository\org\springframework\spring-aop\6.1.3\spring-aop-6.1.3.jar;C:\Users\Samsu\.m2\repository\org\aspectj\aspectjweaver\1.9.21\aspectjweaver-1.9.21.jar;C:\Users\Samsu\.m2\repository\org\hibernate\orm\hibernate-core\6.4.1.Final\hibernate-core-6.4.1.Final.jar;C:\Users\Samsu\.m2\repository\jakarta\persistence\jakarta.persistence-api\3.1.0\jakarta.persistence-api-3.1.0.jar;C:\Users\Samsu\.m2\repository\jakarta\transaction\jakarta.transaction-api\2.0.1\jakarta.transaction-api-2.0.1.jar;C:\Users\Samsu\.m2\repository\org\jboss\logging\jboss-logging\3.5.3.Final\jboss-logging-3.5.3.Final.jar;C:\Users\Samsu\.m2\repository\org\hibernate\common\hibernate-commons-annotations\6.0.6.Final\hibernate-commons-annotations-6.0.6.Final.jar;C:\Users\Samsu\.m2\repository\io\smallrye\jandex\3.1.2\jandex-3.1.2.jar;C:\Users\Samsu\.m2\repository\com\fasterxml\classmate\1.6.0\classmate-1.6.0.jar;C:\Users\Samsu\.m2\repository\net\bytebuddy\byte-buddy\1.14.11\byte-buddy-1.14.11.jar;C:\Users\Samsu\.m2\repository\org\glassfish\jaxb\jaxb-runtime\4.0.4\jaxb-runtime-4.0.4.jar;C:\Users\Samsu\.m2\repository\org\glassfish\jaxb\jaxb-core\4.0.4\jaxb-core-4.0.4.jar;C:\Users\Samsu\.m2\repository\org\eclipse\angus\angus-activation\2.0.1\angus-activation-2.0.1.jar;C:\Users\Samsu\.m2\repository\org\glassfish\jaxb\txw2\4.0.4\txw2-4.0.4.jar;C:\Users\Samsu\.m2\repository\com\sun\istack\istack-commons-runtime\4.1.2\istack-commons-runtime-4.1.2.jar;C:\Users\Samsu\.m2\repository\jakarta\inject\jakarta.inject-api\2.0.1\jakarta.inject-api-2.0.1.jar;C:\Users\Samsu\.m2\repository\org\antlr\antlr4-runtime\4.13.0\antlr4-runtime-4.13.0.jar;C:\Users\Samsu\.m2\repository\org\springframework\data\spring-data-jpa\3.2.2\spring-data-jpa-3.2.2.jar;C:\Users\Samsu\.m2\repository\org\springframework\data\spring-data-commons\3.2.2\spring-data-commons-3.2.2.jar;C:\Users\Samsu\.m2\repository\org\springframework\spring-orm\6.1.3\spring-orm-6.1.3.jar;C:\Users\Samsu\.m2\repository\org\springframework\spring-context\6.1.3\spring-context-6.1.3.jar;C:\Users\Samsu\.m2\repository\org\springframework\spring-tx\6.1.3\spring-tx-6.1.3.jar;C:\Users\Samsu\.m2\repository\org\springframework\spring-beans\6.1.3\spring-beans-6.1.3.jar;C:\Users\Samsu\.m2\repository\jakarta\annotation\jakarta.annotation-api\2.1.1\jakarta.annotation-api-2.1.1.jar;C:\Users\Samsu\.m2\repository\org\slf4j\slf4j-api\2.0.11\slf4j-api-2.0.11.jar;C:\Users\Samsu\.m2\repository\org\springframework\spring-aspects\6.1.3\spring-aspects-6.1.3.jar;C:\Users\Samsu\.m2\repository\org\springframework\boot\spring-boot-starter-jdbc\3.2.2\spring-boot-starter-jdbc-3.2.2.jar;C:\Users\Samsu\.m2\repository\org\springframework\boot\spring-boot-starter\3.2.2\spring-boot-starter-3.2.2.jar;C:\Users\Samsu\.m2\repository\org\springframework\boot\spring-boot\3.2.2\spring-boot-3.2.2.jar;C:\Users\Samsu\.m2\repository\org\springframework\boot\spring-boot-autoconfigure\3.2.2\spring-boot-autoconfigure-3.2.2.jar;C:\Users\Samsu\.m2\repository\org\springframework\boot\spring-boot-starter-logging\3.2.2\spring-boot-starter-logging-3.2.2.jar;C:\Users\Samsu\.m2\repository\ch\qos\logback\logback-classic\1.4.14\logback-classic-1.4.14.jar;C:\Users\Samsu\.m2\repository\ch\qos\logback\logback-core\1.4.14\logback-core-1.4.14.jar;C:\Users\Samsu\.m2\repository\org\apache\logging\log4j\log4j-to-slf4j\2.21.1\log4j-to-slf4j-2.21.1.jar;C:\Users\Samsu\.m2\repository\org\apache\logging\log4j\log4j-api\2.21.1\log4j-api-2.21.1.jar;C:\Users\Samsu\.m2\repository\org\slf4j\jul-to-slf4j\2.0.11\jul-to-slf4j-2.0.11.jar;C:\Users\Samsu\.m2\repository\org\yaml\snakeyaml\2.2\snakeyaml-2.2.jar;C:\Users\Samsu\.m2\repository\com\zaxxer\HikariCP\5.0.1\HikariCP-5.0.1.jar;C:\Users\Samsu\.m2\repository\org\springframework\spring-jdbc\6.1.3\spring-jdbc-6.1.3.jar;C:\Users\Samsu\.m2\repository\org\springframework\boot\spring-boot-starter-web\3.2.2\spring-boot-starter-web-3.2.2.jar;C:\Users\Samsu\.m2\repository\org\springframework\boot\spring-boot-starter-json\3.2.2\spring-boot-starter-json-3.2.2.jar;C:\Users\Samsu\.m2\repository\com\fasterxml\jackson\core\jackson-databind\2.15.3\jackson-databind-2.15.3.jar;C:\Users\Samsu\.m2\repository\com\fasterxml\jackson\core\jackson-annotations\2.15.3\jackson-annotations-2.15.3.jar;C:\Users\Samsu\.m2\repository\com\fasterxml\jackson\core\jackson-core\2.15.3\jackson-core-2.15.3.jar;C:\Users\Samsu\.m2\repository\com\fasterxml\jackson\datatype\jackson-datatype-jdk8\2.15.3\jackson-datatype-jdk8-2.15.3.jar;C:\Users\Samsu\.m2\repository\com\fasterxml\jackson\datatype\jackson-datatype-jsr310\2.15.3\jackson-datatype-jsr310-2.15.3.jar;C:\Users\Samsu\.m2\repository\com\fasterxml\jackson\module\jackson-module-parameter-names\2.15.3\jackson-module-parameter-names-2.15.3.jar;C:\Users\Samsu\.m2\repository\org\springframework\boot\spring-boot-starter-tomcat\3.2.2\spring-boot-starter-tomcat-3.2.2.jar;C:\Users\Samsu\.m2\repository\org\apache\tomcat\embed\tomcat-embed-core\10.1.18\tomcat-embed-core-10.1.18.jar;C:\Users\Samsu\.m2\repository\org\apache\tomcat\embed\tomcat-embed-el\10.1.18\tomcat-embed-el-10.1.18.jar;C:\Users\Samsu\.m2\repository\org\apache\tomcat\embed\tomcat-embed-websocket\10.1.18\tomcat-embed-websocket-10.1.18.jar;C:\Users\Samsu\.m2\repository\org\springframework\spring-web\6.1.3\spring-web-6.1.3.jar;C:\Users\Samsu\.m2\repository\io\micrometer\micrometer-observation\1.12.2\micrometer-observation-1.12.2.jar;C:\Users\Samsu\.m2\repository\io\micrometer\micrometer-commons\1.12.2\micrometer-commons-1.12.2.jar;C:\Users\Samsu\.m2\repository\org\springframework\spring-webmvc\6.1.3\spring-webmvc-6.1.3.jar;C:\Users\Samsu\.m2\repository\org\springframework\spring-expression\6.1.3\spring-expression-6.1.3.jar;C:\Users\Samsu\.m2\repository\org\springframework\boot\spring-boot-starter-webflux\3.2.2\spring-boot-starter-webflux-3.2.2.jar;C:\Users\Samsu\.m2\repository\org\springframework\boot\spring-boot-starter-reactor-netty\3.2.2\spring-boot-starter-reactor-netty-3.2.2.jar;C:\Users\Samsu\.m2\repository\io\projectreactor\netty\reactor-netty-http\1.1.15\reactor-netty-http-1.1.15.jar;C:\Users\Samsu\.m2\repository\io\netty\netty-codec-http\4.1.105.Final\netty-codec-http-4.1.105.Final.jar;C:\Users\Samsu\.m2\repository\io\netty\netty-common\4.1.105.Final\netty-common-4.1.105.Final.jar;C:\Users\Samsu\.m2\repository\io\netty\netty-buffer\4.1.105.Final\netty-buffer-4.1.105.Final.jar;C:\Users\Samsu\.m2\repository\io\netty\netty-transport\4.1.105.Final\netty-transport-4.1.105.Final.jar;C:\Users\Samsu\.m2\repository\io\netty\netty-codec\4.1.105.Final\netty-codec-4.1.105.Final.jar;C:\Users\Samsu\.m2\repository\io\netty\netty-handler\4.1.105.Final\netty-handler-4.1.105.Final.jar;C:\Users\Samsu\.m2\repository\io\netty\netty-codec-http2\4.1.105.Final\netty-codec-http2-4.1.105.Final.jar;C:\Users\Samsu\.m2\repository\io\netty\netty-resolver-dns\4.1.105.Final\netty-resolver-dns-4.1.105.Final.jar;C:\Users\Samsu\.m2\repository\io\netty\netty-resolver\4.1.105.Final\netty-resolver-4.1.105.Final.jar;C:\Users\Samsu\.m2\repository\io\netty\netty-codec-dns\4.1.105.Final\netty-codec-dns-4.1.105.Final.jar;C:\Users\Samsu\.m2\repository\io\netty\netty-resolver-dns-native-macos\4.1.105.Final\netty-resolver-dns-native-macos-4.1.105.Final-osx-x86_64.jar;C:\Users\Samsu\.m2\repository\io\netty\netty-resolver-dns-classes-macos\4.1.105.Final\netty-resolver-dns-classes-macos-4.1.105.Final.jar;C:\Users\Samsu\.m2\repository\io\netty\netty-transport-native-epoll\4.1.105.Final\netty-transport-native-epoll-4.1.105.Final-linux-x86_64.jar;C:\Users\Samsu\.m2\repository\io\netty\netty-transport-native-unix-common\4.1.105.Final\netty-transport-native-unix-common-4.1.105.Final.jar;C:\Users\Samsu\.m2\repository\io\netty\netty-transport-classes-epoll\4.1.105.Final\netty-transport-classes-epoll-4.1.105.Final.jar;C:\Users\Samsu\.m2\repository\io\projectreactor\netty\reactor-netty-core\1.1.15\reactor-netty-core-1.1.15.jar;C:\Users\Samsu\.m2\repository\io\netty\netty-handler-proxy\4.1.105.Final\netty-handler-proxy-4.1.105.Final.jar;C:\Users\Samsu\.m2\repository\io\netty\netty-codec-socks\4.1.105.Final\netty-codec-socks-4.1.105.Final.jar;C:\Users\Samsu\.m2\repository\org\springframework\spring-webflux\6.1.3\spring-webflux-6.1.3.jar;C:\Users\Samsu\.m2\repository\com\h2database\h2\2.2.224\h2-2.2.224.jar;C:\Users\Samsu\.m2\repository\org\projectlombok\lombok\1.18.30\lombok-1.18.30.jar;C:\Users\Samsu\.m2\repository\jakarta\xml\bind\jakarta.xml.bind-api\4.0.1\jakarta.xml.bind-api-4.0.1.jar;C:\Users\Samsu\.m2\repository\jakarta\activation\jakarta.activation-api\2.1.2\jakarta.activation-api-2.1.2.jar;C:\Users\Samsu\.m2\repository\org\springframework\spring-core\6.1.3\spring-core-6.1.3.jar;C:\Users\Samsu\.m2\repository\org\springframework\spring-jcl\6.1.3\spring-jcl-6.1.3.jar;C:\Users\Samsu\.m2\repository\io\projectreactor\reactor-core\3.6.2\reactor-core-3.6.2.jar;C:\Users\Samsu\.m2\repository\org\reactivestreams\reactive-streams\1.0.4\reactive-streams-1.0.4.jar
Launcher Type: SUN_STANDARD

[Global flags]
     intx CICompilerCount                          = 4                                         {product} {ergonomic}
     uint ConcGCThreads                            = 2                                         {product} {ergonomic}
     uint G1ConcRefinementThreads                  = 8                                         {product} {ergonomic}
   size_t G1HeapRegionSize                         = 1048576                                   {product} {ergonomic}
    uintx GCDrainStackTargetSize                   = 64                                        {product} {ergonomic}
   size_t InitialHeapSize                          = 130023424                                 {product} {ergonomic}
     bool ManagementServer                         = true                                      {product} {command line}
   size_t MarkStackSize                            = 4194304                                   {product} {ergonomic}
   size_t MaxHeapSize                              = 2053111808                                {product} {ergonomic}
   size_t MaxNewSize                               = 1231028224                                {product} {ergonomic}
   size_t MinHeapDeltaBytes                        = 1048576                                   {product} {ergonomic}
   size_t MinHeapSize                              = 8388608                                   {product} {ergonomic}
    uintx NonProfiledCodeHeapSize                  = 0                                      {pd product} {ergonomic}
     bool ProfileInterpreter                       = false                                  {pd product} {command line}
    uintx ProfiledCodeHeapSize                     = 0                                      {pd product} {ergonomic}
   size_t SoftMaxHeapSize                          = 2053111808                             {manageable} {ergonomic}
     intx TieredStopAtLevel                        = 1                                         {product} {command line}
     bool UseCompressedClassPointers               = true                           {product lp64_product} {ergonomic}
     bool UseCompressedOops                        = true                           {product lp64_product} {ergonomic}
     bool UseG1GC                                  = true                                      {product} {ergonomic}
     bool UseLargePagesIndividualAllocation        = false                                  {pd product} {ergonomic}

Logging:
Log output configuration:
 #0: stdout all=warning uptime,level,tags foldmultilines=false
 #1: stderr all=off uptime,level,tags foldmultilines=false

Environment Variables:
JAVA_HOME=C:\Users\Samsu\Downloads\jdk-17.0.9_windows-x64_bin\jdk-17.0.9
PATH=C:\Program Files (x86)\Common Files\Oracle\Java\javapath;C:\Python312\Scripts\;C:\Python312\;C:\Program Files (x86)\clisp-2.49;C:\ProgramData\chocolatey\bin;C:\Program Files\nodejs\;C:\Program Files\PowerShell\7\;C:\Users\Samsu\Downloads\PowerShell-7.4.1-win-x64;C:\Users\Samsu\OneDrive\Bureau\Ingenieure en Genie Logiciel\jdk-17.0.9\bin;C:\Users\Samsu\OneDrive\Bureau\Ingenieure en Genie Logiciel\jdk-17.0.9\bin;C:\Program Files\PowerShell\7;C:\Users\Samsu\AppData\Local\Microsoft\WindowsApps;C:\Users\Samsu\AppData\Local\Programs\Microsoft VS Code\bin;C:\Program Files\Azure Data Studio\bin;C:\Program Files\JetBrains\IntelliJ IDEA 2023.2\bin;;C:\Users\Samsu\AppData\Roaming\Composer\vendor\bin;"C:\JEE\jdk-17.0.9\bin;C:\JEE\apache-maven-3.9.6\bin";C:\Program Files (x86)\clisp-2.49;C:\Users\Samsu\AppData\Roaming\npm;C:\Program Files (x86)\clisp-2.49;C:\Users\Samsu\Downloads\PowerShell-7.4.1-win-x64;
USERNAME=Samsu
OS=Windows_NT
PROCESSOR_IDENTIFIER=Intel64 Family 6 Model 140 Stepping 1, GenuineIntel
TMP=C:\Users\Samsu\AppData\Local\Temp
TEMP=C:\Users\Samsu\AppData\Local\Temp



---------------  S Y S T E M  ---------------

OS:
 Windows 11 , 64 bit Build 22621 (10.0.22621.3085)
OS uptime: 0 days 7:56 hours
Hyper-V role detected

CPU: total 8 (initial active 8) (4 cores per cpu, 2 threads per core) family 6 model 140 stepping 1 microcode 0xb4, cx8, cmov, fxsr, ht, mmx, 3dnowpref, sse, sse2, sse3, ssse3, sse4.1, sse4.2, popcnt, lzcnt, tsc, tscinvbit, avx, avx2, aes, erms, clmul, bmi1, bmi2, adx, avx512f, avx512dq, avx512cd, avx512bw, avx512vl, sha, fma, vzeroupper, avx512_vpopcntdq, avx512_vpclmulqdq, avx512_vaes, avx512_vnni, clflush, clflushopt, clwb, avx512_vbmi2, avx512_vbmi, hv, rdtscp, rdpid, fsrm, gfni, avx512_bitalg

Memory: 4k page, system-wide physical 7831M (900M free)
TotalPageFile size 23617M (AvailPageFile size 16M)
current process WorkingSet (physical memory assigned to process): 123M, peak: 123M
current process commit charge ("private bytes"): 163M, peak: 229M

vm_info: OpenJDK 64-Bit Server VM (19.0.1+10-21) for windows-amd64 JRE (19.0.1+10-21), built on 2022-09-14T12:45:06Z by "mach5one" with MS VC++ 17.1 (VS2022)

END.
